2015-07-02 12:57:38
2015-07-02 12:57:39 1 35982618619 【天猫超市】巴拿米蔓越莓曲奇西饼干170/袋休闲零食新老包装随机 8.90 13144 725677994 天猫超市 http://detail.tmall.com/item.htm?id=35982618619&ns=1&abbucket=0 http://store.taobao.com/shop/view_shop.htm?user_number_id=725677994
2015-07-02 12:57:39 2 37107535694 【天猫超市】巴拿米手工蔓越莓西饼   曲奇饼干170g休闲零食 10.90 3194 1955345225 天猫超市华北站 http://detail.tmall.com/item.htm?id=37107535694&ns=1&abbucket=0 http://store.taobao.com/shop/view_shop.htm?user_number_id=1955345225
2015-07-02 12:57:39 3 35126694440 3包包邮 巴拿米美国蔓越莓曲奇饼干170g 手工曲奇进口黄油零食品 10.80 3143 681185851 猫诚食品专营店 http://detail.tmall.com/item.htm?id=35126694440&ns=1&abbucket=0 http://store.taobao.com/shop/view_shop.htm?user_number_id=681185851
2015-07-02 12:57:39 4 37105330515 【天猫超市】巴拿米手工抹茶蜜豆西饼 曲奇饼干170g休闲零食 10.80 1724 1955345225 天猫超市华北站 http://detail.tmall.com/item.htm?id=37105330515&ns=1&abbucket=0 http://store.taobao.com/shop/view_shop.htm?user_number_id=1955345225
2015-07-02 12:57:39 5 37101263072 【天猫超市】巴拿米抹茶蜜豆曲奇西饼干170/袋 休闲零食品糕点 13.90 1575 725677994 天猫超市 http://detail.tmall.com/item.htm?id=37101263072&ns=1&abbucket=0 http://store.taobao.com/shop/view_shop.htm?user_number_id=725677994
2015-07-02 12:57:39 6 35984009423 【天猫超市】巴拿米蔓越莓曲奇西饼干170g/袋 手工休闲糕点零食品 8.90 1039 1129326215 天猫超市华南站 http://detail.tmall.com/item.htm?id=35984009423&ns=1&abbucket=0 http://store.taobao.com/shop/view_shop.htm?user_number_id=1129326215
2015-07-02 12:57:39 7 25493076079 4份包邮 美国蔓越莓干手工曲奇 零食170g 巴拿米蔓越莓曲奇饼干 11.99 736 674190 top百分百 http://item.taobao.com/item.htm?id=25493076079&ns=1&abbucket=0#detail http://store.taobao.com/shop/view_shop.htm?user_number_id=674190
2015-07-02 12:57:39 8 36918725798 4包包邮 巴拿米美国蔓越莓曲奇饼干170g 手工曲奇进口黄油零食品 10.50 735 1775443043 亨誉食品专营店 http://detail.tmall.com/item.htm?id=36918725798&ns=1&abbucket=0 http://store.taobao.com/shop/view_shop.htm?user_number_id=1775443043
2015-07-02 12:57:39 9 18526974031 三份包邮 美国蔓越莓曲奇饼干 巴拿米果味西饼170g 特产零食品 10.80 615 1014978183 牧丰食品专营店 http://detail.tmall.com/item.htm?id=18526974031&ns=1&abbucket=0 http://store.taobao.com/shop/view_shop.htm?user_number_id=1014978183
2015-07-02 12:57:39 10 41023476057 【买七赠一】巴拿米 蔓越莓西饼黄油曲奇手工饼干170克果味西饼 10.80 585 2119415532 浩博食品专营店 http://detail.tmall.com/item.htm?id=41023476057&ns=1&abbucket=0 http://store.taobao.com/shop/view_shop.htm?user_number_id=2119415532
2015-07-02 12:57:39 11 37105318466 【天猫超市】巴拿米手工扁桃仁巧克力西饼曲奇饼干150g休闲零食 10.90 504 1955345225 天猫超市华北站 http://detail.tmall.com/item.htm?id=37105318466&ns=1&abbucket=0 http://store.taobao.com/shop/view_shop.htm?user_number_id=1955345225
2015-07-02 12:57:39 12 37100963843 【天猫超市】巴拿米 扁桃仁巧克力曲奇西饼 150g/袋 饼干 糕点 13.90 477 725677994 天猫超市 http://detail.tmall.com/item.htm?id=37100963843&ns=1&abbucket=0 http://store.taobao.com/shop/view_shop.htm?user_number_id=725677994
2015-07-02 12:57:39 13 27102088324 美国进口零食品 巴拿米 手工蔓越莓曲奇饼干170g克 黄油烘焙 西饼 9.90 362 121988894 食人谷旗舰店 http://detail.tmall.com/item.htm?id=27102088324&ns=1&abbucket=0 http://store.taobao.com/shop/view_shop.htm?user_number_id=121988894
2015-07-02 12:57:39 14 45722854676 3件包邮 PANAMI/巴拿米美国蔓越莓曲奇饼干170g进口黄油手工曲奇 10.80 343 752137601 唐品食品专营店 http://detail.tmall.com/item.htm?id=45722854676&ns=1&abbucket=0 http://store.taobao.com/shop/view_shop.htm?user_number_id=752137601
2015-07-02 12:57:39 15 37274379479 【天猫超市】巴拿米抹茶蜜豆西饼170/袋无添加手工自制曲奇 13.90 282 1129326215 天猫超市华南站 http://detail.tmall.com/item.htm?id=37274379479&ns=1&abbucket=0 http://store.taobao.com/shop/view_shop.htm?user_number_id=1129326215
2015-07-02 12:57:39 16 39406903696 【蔓越莓曲奇】巴拿米美式西饼真空天然无添加袋装营养饼干 170g 12.80 246 2104307221 初味馆 http://item.taobao.com/item.htm?id=39406903696&ns=1&abbucket=0#detail http://store.taobao.com/shop/view_shop.htm?user_number_id=2104307221
2015-07-02 12:57:39 17 37100980000 【天猫超市】巴拿米燕麦五谷曲奇170/袋无添加手工自制曲奇 13.90 232 725677994 天猫超市 http://detail.tmall.com/item.htm?id=37100980000&ns=1&abbucket=0 http://store.taobao.com/shop/view_shop.htm?user_number_id=725677994
2015-07-02 12:57:39 18 37101123545 【天猫超市】巴拿米欧式摩卡西饼170/袋无添加手工自制曲奇 13.90 192 725677994 天猫超市 http://detail.tmall.com/item.htm?id=37101123545&ns=1&abbucket=0 http://store.taobao.com/shop/view_shop.htm?user_number_id=725677994
2015-07-02 12:57:39 19 41692504891 包邮 巴拿米美国蔓越莓曲奇饼干170g*3袋 手工曲奇进口黄油西饼干 35.00 185 681185851 猫诚食品专营店 http://detail.tmall.com/item.htm?id=41692504891&ns=1&abbucket=0 http://store.taobao.com/shop/view_shop.htm?user_number_id=681185851
2015-07-02 12:57:39 20 37112861850 【天猫超市】巴拿米手工燕麦五谷西饼  曲奇饼干170g休闲零食 10.80 175 1955345225 天猫超市华北站 http://detail.tmall.com/item.htm?id=37112861850&ns=1&abbucket=0 http://store.taobao.com/shop/view_shop.htm?user_number_id=1955345225
2015-07-02 12:57:39 21 18993438260 3袋包邮 休闲零食品巴拿米美国蔓越莓曲奇饼干纯手工进口黄油170g 10.60 157 1652467957 睿希尚亿食品专营店 http://detail.tmall.com/item.htm?id=18993438260&ns=1&abbucket=0 http://store.taobao.com/shop/view_shop.htm?user_number_id=1652467957
2015-07-02 12:57:39 22 45268891479 【抹茶蜜豆味】巴拿米美式西饼真空天然无添加袋装营养饼干 170g 12.80 125 2104307221 初味馆 http://item.taobao.com/item.htm?id=45268891479&ns=1&abbucket=0#detail http://store.taobao.com/shop/view_shop.htm?user_number_id=2104307221
2015-07-02 12:57:39 23 37315170932 巴拿米蔓越莓曲奇170gx3袋 无添加手工自制饼干 特产美食小吃糕点 35.80 114 925431633 亚历蒂斯食品专营店 http://detail.tmall.com/item.htm?id=37315170932&ns=1&abbucket=0 http://store.taobao.com/shop/view_shop.htm?user_number_id=925431633
2015-07-02 12:57:39 24 39134589799 巴拿米 手工蔓越莓曲奇饼干西饼 无添加 酥性饼干 休闲零食 170g 10.80 111 1910096177 听竹食品专营店 http://detail.tmall.com/item.htm?id=39134589799&ns=1&abbucket=0 http://store.taobao.com/shop/view_shop.htm?user_number_id=1910096177
2015-07-02 12:57:39 25 43836404100 巴拿米 美国蔓越莓手工进口黄油曲奇饼干 西饼糕点 6口味 10.60 110 1629782508 小亚零食屋 http://item.taobao.com/item.htm?id=43836404100&ns=1&abbucket=0#detail http://store.taobao.com/shop/view_shop.htm?user_number_id=1629782508
2015-07-02 12:57:39 26 44068131080 美国巴拿米蔓越莓曲奇饼干170g进口黄油手工曲奇西饼糕点 3份包邮 10.80 110 299807340 尚品天下食品专营店 http://detail.tmall.com/item.htm?id=44068131080&ns=1&abbucket=0 http://store.taobao.com/shop/view_shop.htm?user_number_id=299807340
2015-07-02 12:57:39 27 37105090878 【天猫超市】巴拿米手工阳光香橙西饼 曲奇饼干170g休闲零食 10.90 105 1955345225 天猫超市华北站 http://detail.tmall.com/item.htm?id=37105090878&ns=1&abbucket=0 http://store.taobao.com/shop/view_shop.htm?user_number_id=1955345225
2015-07-02 12:57:39 28 37125312651 【天猫超市】巴拿米手工欧式摩卡西饼  曲奇饼干170g休闲零食 10.80 105 1955345225 天猫超市华北站 http://detail.tmall.com/item.htm?id=37125312651&ns=1&abbucket=0 http://store.taobao.com/shop/view_shop.htm?user_number_id=1955345225
2015-07-02 12:57:39 29 18896941737 【咕噜网】巴拿米 美国蔓越莓曲奇 手工曲奇饼干 170g 15.50 105 278937183 咕噜网 http://item.taobao.com/item.htm?id=18896941737&ns=1&abbucket=0#detail http://store.taobao.com/shop/view_shop.htm?user_number_id=278937183
2015-07-02 12:57:39 30 38743505582 巴拿米美国蔓越莓西饼曲奇纯手工饼干进口黄油170g休闲糕点零食品 9.99 89 726369826 郭文雷123 http://item.taobao.com/item.htm?id=38743505582&ns=1&abbucket=0#detail http://store.taobao.com/shop/view_shop.htm?user_number_id=726369826
2015-07-02 12:57:39 31 39429331106 巴拿米蔓越莓曲西饼PANAMI手工牛奶黄油曲奇饼干170g 11.90 83 705715880 乐送商城 http://item.taobao.com/item.htm?id=39429331106&ns=1&abbucket=0#detail http://store.taobao.com/shop/view_shop.htm?user_number_id=705715880
2015-07-02 12:57:39 32 39717496823 6月新货 巴拿米蔓越莓西饼曲奇饼干 蔓越莓干手工牛奶黄油170g 9.50 79 2117227006 山东沙漠丰贸易有限公司 http://item.taobao.com/item.htm?id=39717496823&ns=1&abbucket=0#detail http://store.taobao.com/shop/view_shop.htm?user_number_id=2117227006
2015-07-02 12:57:39 33 38476823396 JY零食品 美国蔓越莓曲奇饼干 巴拿米无添加手工饼干170g 17.80 76 734379187 jiayanbest01 http://item.taobao.com/item.htm?id=38476823396&ns=1&abbucket=0#detail http://store.taobao.com/shop/view_shop.htm?user_number_id=734379187
2015-07-02 12:57:39 34 38399988047 【天猫超市】巴拿米无添加手工曲奇饼干 巴黎风情礼品盒220g 19.90 76 1955345225 天猫超市华北站 http://detail.tmall.com/item.htm?id=38399988047&ns=1&abbucket=0 http://store.taobao.com/shop/view_shop.htm?user_number_id=1955345225
2015-07-02 12:57:39 35 41024924943 包邮零食品巴拿米美国蔓越莓饼干 曲奇手工西饼6包休闲礼包糕点 59.90 74 726369826 郭文雷123 http://item.taobao.com/item.htm?id=41024924943&ns=1&abbucket=0#detail http://store.taobao.com/shop/view_shop.htm?user_number_id=726369826
2015-07-02 12:57:39 36 39717920657 巴拿米杏仁巧克力西饼PANAMI 手工曲奇饼干 150g 9.50 66 2117227006 山东沙漠丰贸易有限公司 http://item.taobao.com/item.htm?id=39717920657&ns=1&abbucket=0#detail http://store.taobao.com/shop/view_shop.htm?user_number_id=2117227006
2015-07-02 12:57:39 37 39443460815 【扁桃仁巧克力】巴拿米曲奇西饼真空天然无添加袋装营养饼干170g 12.80 66 2104307221 初味馆 http://item.taobao.com/item.htm?id=39443460815&ns=1&abbucket=0#detail http://store.taobao.com/shop/view_shop.htm?user_number_id=2104307221
2015-07-02 12:57:39 38 26082848356 巴拿米 美国蔓越莓西饼曲奇 杏仁/摩卡/夏威夷果仁曲奇饼干170g 10.80 63 528284145 莎乐零食 http://item.taobao.com/item.htm?id=26082848356&ns=1&abbucket=0#detail http://store.taobao.com/shop/view_shop.htm?user_number_id=528284145
2015-07-02 12:57:39 39 40120033699 休闲零食品 烘烤糕点曲奇饼干 巴拿米蔓越莓西饼曲奇 无添加 170g 11.80 61 2046293456 麦番食品专营店 http://detail.tmall.com/item.htm?id=40120033699&ns=1&abbucket=0 http://store.taobao.com/shop/view_shop.htm?user_number_id=2046293456
2015-07-02 12:57:39 40 40015789607 巴拿米抹茶蜜豆西饼香酥型无添加手工曲奇 饼干170g 9.50 57 2117227006 山东沙漠丰贸易有限公司 http://item.taobao.com/item.htm?id=40015789607&ns=1&abbucket=0#detail http://store.taobao.com/shop/view_shop.htm?user_number_id=2117227006
2015-07-02 12:57:39 41 38727703157 巴拿米蔓越莓西饼170g PANAMI 手工牛奶黄油曲奇饼干零食29省包邮 11.90 55 784116016 独秀食品专营店 http://detail.tmall.com/item.htm?id=38727703157&ns=1&abbucket=0 http://store.taobao.com/shop/view_shop.htm?user_number_id=784116016
2015-07-02 12:57:39 42 40248308703 巴拿米蔓越莓西饼曲奇饼干 美国蔓越莓干手工牛奶黄油曲奇150g 8.50 54 2117227006 山东沙漠丰贸易有限公司 http://item.taobao.com/item.htm?id=40248308703&ns=1&abbucket=0#detail http://store.taobao.com/shop/view_shop.htm?user_number_id=2117227006
2015-07-02 12:57:39 43 36938714579 小漠阳阳零食店新品 巴拿米曲奇饼干 多种口味 1包200克 好吃 11.90 53 1870280798 小漠阳阳零食店 http://item.taobao.com/item.htm?id=36938714579&ns=1&abbucket=0#detail http://store.taobao.com/shop/view_shop.htm?user_number_id=1870280798
2015-07-02 12:57:39 44 26127228105 北京特产 巴拿米蔓越莓曲奇170g纯手工牛奶黄油曲奇饼干休闲食品 10.80 53 10813173 duomisuo http://item.taobao.com/item.htm?id=26127228105&ns=1&abbucket=0#detail http://store.taobao.com/shop/view_shop.htm?user_number_id=10813173
