2015-07-04 05:39:43
### item ###
# item val: 35094320014 包邮 买一送一【屈臣氏】bird's nest燕窝沁白臻颜面膜6片 面膜贴 65.00 http://detail.tmall.com/item.htm?id=35094320014&rn=33c1ec308a88bc523b408e42bc100077&abbucket=14
### item ###
# item val: 20970724217 包邮 组合价 【屈臣氏】bird's nest燕窝沁白臻颜面膜6片装X4件 130.00 http://detail.tmall.com/item.htm?id=20970724217&rn=33c1ec308a88bc523b408e42bc100077&abbucket=14
### item ###
# item val: 14759004919 Watsons collagen屈臣氏骨胶原Q10滋养紧致护手霜90g 润手霜 19.90 http://detail.tmall.com/item.htm?id=14759004919&rn=33c1ec308a88bc523b408e42bc100077&abbucket=14
### item ###
# item val: 16644954125 包邮【屈臣氏】 Bioil 百洛护肤油 保湿 滋润亮肤 去痘印正品 95.00 http://detail.tmall.com/item.htm?id=16644954125&rn=33c1ec308a88bc523b408e42bc100077&abbucket=14
### item ###
# item val: 13850615189 Watsons屈臣氏抗干燥润肤露500ml 润体露 身体乳 21.90 http://detail.tmall.com/item.htm?id=13850615189&rn=33c1ec308a88bc523b408e42bc100077&abbucket=14
### item ###
# item val: 13433270227 【屈臣氏】Beautydiary我的美丽日志纳豆面膜(10片) 面膜贴 79.00 http://detail.tmall.com/item.htm?id=13433270227&rn=33c1ec308a88bc523b408e42bc100077&abbucket=14
### item ###
# item val: 15237920088 包邮组合价 屈臣氏 燕窝丝炫(水润美肌+细滑)面膜 85.00 http://detail.tmall.com/item.htm?id=15237920088&rn=33c1ec308a88bc523b408e42bc100077&abbucket=14
### item ###
# item val: 19320351375 【屈臣氏】 飘柔滋润去屑洗发露400毫升洗发水 32.00 http://detail.tmall.com/item.htm?id=19320351375&rn=33c1ec308a88bc523b408e42bc100077&abbucket=14
### item ###
# item val: 19571259789 【屈臣氏】 Biore碧柔温和防晒乳液隔离 清爽 不油腻 防晒霜 65.00 http://detail.tmall.com/item.htm?id=19571259789&rn=33c1ec308a88bc523b408e42bc100077&abbucket=14
### item ###
# item val: 14757984597 Watsons collagen屈臣氏骨胶原滋养护手霜90g 润手霜 19.90 http://detail.tmall.com/item.htm?id=14757984597&rn=33c1ec308a88bc523b408e42bc100077&abbucket=14
### item ###
# item val: 13430994804 Watsons屈臣氏深层卸妆棉25片 化妆棉 美容工具 19.90 http://detail.tmall.com/item.htm?id=13430994804&rn=33c1ec308a88bc523b408e42bc100077&abbucket=14
### item ###
# item val: 17745250863 【屈臣氏】Biore 碧柔毛孔清洁黑鼻贴5片 去黑头 净黑头 鼻贴 20.00 http://detail.tmall.com/item.htm?id=17745250863&rn=33c1ec308a88bc523b408e42bc100077&abbucket=14
### item ###
# item val: 17745318960 【屈臣氏】Biore 碧柔深层净润卸妆乳150毫升 卸妆液 59.00 http://detail.tmall.com/item.htm?id=17745318960&rn=33c1ec308a88bc523b408e42bc100077&abbucket=14
### item ###
# item val: 13433229197 【屈臣氏】 Beautydiary我的美丽日志玻尿酸保湿面膜 79.00 http://detail.tmall.com/item.htm?id=13433229197&rn=33c1ec308a88bc523b408e42bc100077&abbucket=14
### item ###
# item val: 13850687612 Watsons屈臣氏水嫩润肤露500毫升 润体露 身体乳 21.90 http://detail.tmall.com/item.htm?id=13850687612&rn=33c1ec308a88bc523b408e42bc100077&abbucket=14
### item ###
# item val: 35029790668 【屈臣氏】 bird's nest燕窝沁白臻颜柔肤水150ml 化妆水 89.00 http://detail.tmall.com/item.htm?id=35029790668&rn=33c1ec308a88bc523b408e42bc100077&abbucket=14
### item ###
# item val: 13966675356 【屈臣氏】 QVS无纺布化妆棉150+75片 17.00 http://detail.tmall.com/item.htm?id=13966675356&rn=33c1ec308a88bc523b408e42bc100077&abbucket=14
### item ###
# item val: 19304621646 【屈臣氏】组合 海飞丝丝质柔滑去屑洗发露750毫升x2件 98.00 http://detail.tmall.com/item.htm?id=19304621646&rn=33c1ec308a88bc523b408e42bc100077&abbucket=14
### item ###
# item val: 13879375506 Watsons屈臣氏会员卡(新版) 20.00 http://detail.tmall.com/item.htm?id=13879375506&rn=33c1ec308a88bc523b408e42bc100077&abbucket=14
### item ###
# item val: 15301914789 组合价 屈臣氏骨胶原保湿洁面液+柔肤水+乳液 护肤 179.70 http://detail.tmall.com/item.htm?id=15301914789&rn=33c1ec308a88bc523b408e42bc100077&abbucket=14
### item ###
# item val: 22641628619 【屈臣氏】limi 里美芦荟青苹舒安柔肤水 爽肤水 65.00 http://detail.tmall.com/item.htm?id=22641628619&rn=33c1ec308a88bc523b408e42bc100077&abbucket=14
### item ###
# item val: 20185393062 【屈臣氏】Crest佳洁士酷白体验(晨露荷香口感)牙膏120g健齿 12.00 http://detail.tmall.com/item.htm?id=20185393062&rn=33c1ec308a88bc523b408e42bc100077&abbucket=14
### item ###
# item val: 14758444379 Watsons men屈臣氏男士保湿畅透面膜3片装 面膜贴 32.90 http://detail.tmall.com/item.htm?id=14758444379&rn=33c1ec308a88bc523b408e42bc100077&abbucket=14
### item ###
# item val: 35807095750 【屈臣氏】力士精油香氛沐浴乳幽莲魅肤720毫升 38.00 http://detail.tmall.com/item.htm?id=35807095750&rn=33c1ec308a88bc523b408e42bc100077&abbucket=14
### item ###
# item val: 14746652292 【屈臣氏】Beautydiary我的美丽日志黑珍珠面膜 美白亮肤 滋润 79.00 http://detail.tmall.com/item.htm?id=14746652292&rn=33c1ec308a88bc523b408e42bc100077&abbucket=14
### item ###
# item val: 14743792081 Watsons collagen屈臣氏骨胶原保湿密集补水睡眠面膜 69.90 http://detail.tmall.com/item.htm?id=14743792081&rn=33c1ec308a88bc523b408e42bc100077&abbucket=14
### item ###
# item val: 21594167904 【屈臣氏】组合价 海飞丝清爽去油型去屑洗发露750mlx2件 98.00 http://detail.tmall.com/item.htm?id=21594167904&rn=33c1ec308a88bc523b408e42bc100077&abbucket=14
### item ###
# item val: 14743476858 Watsons屈臣氏眼部卸妆棉30片 化妆棉 美容工具 19.90 http://detail.tmall.com/item.htm?id=14743476858&rn=33c1ec308a88bc523b408e42bc100077&abbucket=14
### item ###
# item val: 18947159400 【屈臣氏】limi里美芦荟青苹温和洁面凝乳 洗面奶 洗面乳美白亮肤 38.00 http://detail.tmall.com/item.htm?id=18947159400&rn=33c1ec308a88bc523b408e42bc100077&abbucket=14
### item ###
# item val: 38753863518 【屈臣氏】 WATER360矿泉水透莹漾面膜5片 面膜贴 55.00 http://detail.tmall.com/item.htm?id=38753863518&rn=33c1ec308a88bc523b408e42bc100077&abbucket=14
### item ###
# item val: 17247014411 【屈臣氏】limi 里美芦荟青苹舒缓保湿乳液160毫升保湿 75.00 http://detail.tmall.com/item.htm?id=17247014411&rn=33c1ec308a88bc523b408e42bc100077&abbucket=14
### item ###
# item val: 24088496881 买一送一 Watsons屈臣氏女士双层轻便剃刀6支装 修眉刀 19.90 http://detail.tmall.com/item.htm?id=24088496881&rn=33c1ec308a88bc523b408e42bc100077&abbucket=14
### item ###
# item val: 35050528328 【屈臣氏】bird's nest燕窝沁白臻颜眼膜6对 淡化黑眼圈 45.00 http://detail.tmall.com/item.htm?id=35050528328&rn=33c1ec308a88bc523b408e42bc100077&abbucket=14
### item ###
# item val: 14741508409 Watsons/屈臣氏骨胶原保湿毛孔细致柔肤水 爽肤水 69.90 http://detail.tmall.com/item.htm?id=14741508409&rn=33c1ec308a88bc523b408e42bc100077&abbucket=14
### item ###
# item val: 19574659914 【屈臣氏】立减Biore碧柔毛孔清洁黑鼻贴10片装去黑头收缩毛孔 29.80 http://detail.tmall.com/item.htm?id=19574659914&rn=33c1ec308a88bc523b408e42bc100077&abbucket=14
### item ###
# item val: 25615720292 【屈臣氏】 海飞丝丝质柔滑型去屑洗发露200ML 洗发水 洗发露 27.00 http://detail.tmall.com/item.htm?id=25615720292&rn=33c1ec308a88bc523b408e42bc100077&abbucket=14
### item ###
# item val: 38774857111 【屈臣氏】Water360矿泉水透舒护喷雾50毫升 爽肤水 19.90 http://detail.tmall.com/item.htm?id=38774857111&rn=33c1ec308a88bc523b408e42bc100077&abbucket=14
### item ###
# item val: 20635223487 【屈臣氏】Mentholatum曼秀雷敦天然植物润唇膏(无香料) 35.90 http://detail.tmall.com/item.htm?id=20635223487&rn=33c1ec308a88bc523b408e42bc100077&abbucket=14
### item ###
# item val: 22587620981 【屈臣氏】 cetaphil丝塔芙洗面奶118毫升 58.00 http://detail.tmall.com/item.htm?id=22587620981&rn=33c1ec308a88bc523b408e42bc100077&abbucket=14
### item ###
# item val: 19208783600 【屈臣氏】玉兰油深层保湿美白营养水150毫升-白里透红 75.00 http://detail.tmall.com/item.htm?id=19208783600&rn=33c1ec308a88bc523b408e42bc100077&abbucket=14
### item ###
# item val: 13433309140 【屈臣氏】Beautydiary我的美丽日志熊果素净透美白面膜 79.00 http://detail.tmall.com/item.htm?id=13433309140&rn=33c1ec308a88bc523b408e42bc100077&abbucket=14
### item ###
# item val: 19683439331 【屈臣氏】Neutrogena露得清深层净化洗面乳100g洁面洗面奶洗面乳 24.00 http://detail.tmall.com/item.htm?id=19683439331&rn=33c1ec308a88bc523b408e42bc100077&abbucket=14
### item ###
# item val: 17256813386 【屈臣氏】limi里美纯米净白洗面奶120克 美白 保湿 洗面乳 38.00 http://detail.tmall.com/item.htm?id=17256813386&rn=33c1ec308a88bc523b408e42bc100077&abbucket=14
### item ###
# item val: 19644270667 【屈臣氏】会员价 Kustie蔻斯汀樱花花瓣沐浴露500毫升 沐浴液 49.90 http://detail.tmall.com/item.htm?id=19644270667&rn=33c1ec308a88bc523b408e42bc100077&abbucket=14
### item ###
# item val: 15222397753 会员价 Watsons collagen 屈臣氏骨胶原保湿细致面膜6片 69.90 http://detail.tmall.com/item.htm?id=15222397753&rn=33c1ec308a88bc523b408e42bc100077&abbucket=14
### item ###
# item val: 13849767980 【屈臣氏】 Beautydiary我的美丽日志芦荟面膜10片 79.00 http://detail.tmall.com/item.htm?id=13849767980&rn=33c1ec308a88bc523b408e42bc100077&abbucket=14
### item ###
# item val: 19706691219 【屈臣氏】Ora 2 皓乐齿 顶端超细毛牙刷(软毛)一支装 颜色随机发 18.00 http://detail.tmall.com/item.htm?id=19706691219&rn=33c1ec308a88bc523b408e42bc100077&abbucket=14
### item ###
# item val: 13848227108 买一送一 Watsons屈臣氏深层卸妆液200ml 卸妆水 卸妆油 卸妆乳 69.90 http://detail.tmall.com/item.htm?id=13848227108&rn=33c1ec308a88bc523b408e42bc100077&abbucket=14
### item ###
# item val: 19318447200 【屈臣氏】Shiseido资生堂洗颜泡沫卸妆净颜乳液150ml 卸妆水 48.00 http://detail.tmall.com/item.htm?id=19318447200&rn=33c1ec308a88bc523b408e42bc100077&abbucket=14
### item ###
# item val: 17825613303 【屈臣氏】立减 Johnson & Johnson强生婴儿牛奶沐浴露1L 沐浴乳 27.00 http://detail.tmall.com/item.htm?id=17825613303&rn=33c1ec308a88bc523b408e42bc100077&abbucket=14
### item ###
# item val: 20868391337 【屈臣氏】立减 Biore碧柔倍护防晒乳液SPF30PA+40ml 防晒霜 清爽 40.00 http://detail.tmall.com/item.htm?id=20868391337&rn=33c1ec308a88bc523b408e42bc100077&abbucket=14
### item ###
# item val: 19282116120 【屈臣氏】组合价  沙宣修护水养洗发露+润发乳 129.00 http://detail.tmall.com/item.htm?id=19282116120&rn=33c1ec308a88bc523b408e42bc100077&abbucket=14
### item ###
# item val: 14762084507 Watsons collagen屈臣氏骨胶原眼唇卸妝液100ml 卸妆油 卸妆水 29.00 http://detail.tmall.com/item.htm?id=14762084507&rn=33c1ec308a88bc523b408e42bc100077&abbucket=14
### item ###
# item val: 14744244874 Watsons屈臣氏眼唇卸妆液100ml 卸妆水 卸妆乳 卸妆油 眼部 29.90 http://detail.tmall.com/item.htm?id=14744244874&rn=33c1ec308a88bc523b408e42bc100077&abbucket=14
### item ###
# item val: 18721235369 【屈臣氏】 Dr.magic魔法医生玫瑰美白沐浴露400ml 55.00 http://detail.tmall.com/item.htm?id=18721235369&rn=33c1ec308a88bc523b408e42bc100077&abbucket=14
### item ###
# item val: 15038872292 我的美丽日志蜗牛水润修护双膜法(面膜+护霜) 面膜贴 补水 美白 15.00 http://detail.tmall.com/item.htm?id=15038872292&rn=33c1ec308a88bc523b408e42bc100077&abbucket=14
### item ###
# item val: 19640702181 Watsons屈臣氏樱花保湿柔肤润体乳350ml 润体露 身体乳 29.90 http://detail.tmall.com/item.htm?id=19640702181&rn=33c1ec308a88bc523b408e42bc100077&abbucket=14
### item ###
# item val: 16517235326 组合价 屈臣氏深层卸妆棉×2件 20.00 http://detail.tmall.com/item.htm?id=16517235326&rn=33c1ec308a88bc523b408e42bc100077&abbucket=14
### item ###
# item val: 13860439056 【屈臣氏】 澄心维生素C泡腾片20片装(甜橙味) VC 30.00 http://detail.tmall.com/item.htm?id=13860439056&rn=33c1ec308a88bc523b408e42bc100077&abbucket=14
### item ###
# item val: 43151890065 Watsons屈臣氏圆线多效护理牙线棒50支X3盒 25.90 http://detail.tmall.com/item.htm?id=43151890065&rn=33c1ec308a88bc523b408e42bc100077&abbucket=14
### item ###
# item val: 35094320014 包邮 买一送一【屈臣氏】bird's nest燕窝沁白臻颜面膜6片 面膜贴 65.00 http://detail.tmall.com/item.htm?id=35094320014&rn=45f60af18001ac0763f78e2a82a68a63&abbucket=14
### item ###
# item val: 20970724217 包邮 组合价 【屈臣氏】bird's nest燕窝沁白臻颜面膜6片装X4件 130.00 http://detail.tmall.com/item.htm?id=20970724217&rn=45f60af18001ac0763f78e2a82a68a63&abbucket=14
### item ###
# item val: 14759004919 Watsons collagen屈臣氏骨胶原Q10滋养紧致护手霜90g 润手霜 19.90 http://detail.tmall.com/item.htm?id=14759004919&rn=45f60af18001ac0763f78e2a82a68a63&abbucket=14
### item ###
# item val: 16644954125 包邮【屈臣氏】 Bioil 百洛护肤油 保湿 滋润亮肤 去痘印正品 95.00 http://detail.tmall.com/item.htm?id=16644954125&rn=45f60af18001ac0763f78e2a82a68a63&abbucket=14
### item ###
# item val: 13850615189 Watsons屈臣氏抗干燥润肤露500ml 润体露 身体乳 21.90 http://detail.tmall.com/item.htm?id=13850615189&rn=45f60af18001ac0763f78e2a82a68a63&abbucket=14
### item ###
# item val: 13433270227 【屈臣氏】Beautydiary我的美丽日志纳豆面膜(10片) 面膜贴 79.00 http://detail.tmall.com/item.htm?id=13433270227&rn=45f60af18001ac0763f78e2a82a68a63&abbucket=14
### item ###
# item val: 15237920088 包邮组合价 屈臣氏 燕窝丝炫(水润美肌+细滑)面膜 85.00 http://detail.tmall.com/item.htm?id=15237920088&rn=45f60af18001ac0763f78e2a82a68a63&abbucket=14
### item ###
# item val: 19320351375 【屈臣氏】 飘柔滋润去屑洗发露400毫升洗发水 32.00 http://detail.tmall.com/item.htm?id=19320351375&rn=45f60af18001ac0763f78e2a82a68a63&abbucket=14
### item ###
# item val: 19571259789 【屈臣氏】 Biore碧柔温和防晒乳液隔离 清爽 不油腻 防晒霜 65.00 http://detail.tmall.com/item.htm?id=19571259789&rn=45f60af18001ac0763f78e2a82a68a63&abbucket=14
### item ###
# item val: 14757984597 Watsons collagen屈臣氏骨胶原滋养护手霜90g 润手霜 19.90 http://detail.tmall.com/item.htm?id=14757984597&rn=45f60af18001ac0763f78e2a82a68a63&abbucket=14
### item ###
# item val: 13430994804 Watsons屈臣氏深层卸妆棉25片 化妆棉 美容工具 19.90 http://detail.tmall.com/item.htm?id=13430994804&rn=45f60af18001ac0763f78e2a82a68a63&abbucket=14
### item ###
# item val: 17745250863 【屈臣氏】Biore 碧柔毛孔清洁黑鼻贴5片 去黑头 净黑头 鼻贴 20.00 http://detail.tmall.com/item.htm?id=17745250863&rn=45f60af18001ac0763f78e2a82a68a63&abbucket=14
### item ###
# item val: 17745318960 【屈臣氏】Biore 碧柔深层净润卸妆乳150毫升 卸妆液 59.00 http://detail.tmall.com/item.htm?id=17745318960&rn=45f60af18001ac0763f78e2a82a68a63&abbucket=14
### item ###
# item val: 13433229197 【屈臣氏】 Beautydiary我的美丽日志玻尿酸保湿面膜 79.00 http://detail.tmall.com/item.htm?id=13433229197&rn=45f60af18001ac0763f78e2a82a68a63&abbucket=14
### item ###
# item val: 13850687612 Watsons屈臣氏水嫩润肤露500毫升 润体露 身体乳 21.90 http://detail.tmall.com/item.htm?id=13850687612&rn=45f60af18001ac0763f78e2a82a68a63&abbucket=14
### item ###
# item val: 35029790668 【屈臣氏】 bird's nest燕窝沁白臻颜柔肤水150ml 化妆水 89.00 http://detail.tmall.com/item.htm?id=35029790668&rn=45f60af18001ac0763f78e2a82a68a63&abbucket=14
### item ###
# item val: 13966675356 【屈臣氏】 QVS无纺布化妆棉150+75片 17.00 http://detail.tmall.com/item.htm?id=13966675356&rn=45f60af18001ac0763f78e2a82a68a63&abbucket=14
### item ###
# item val: 19304621646 【屈臣氏】组合 海飞丝丝质柔滑去屑洗发露750毫升x2件 98.00 http://detail.tmall.com/item.htm?id=19304621646&rn=45f60af18001ac0763f78e2a82a68a63&abbucket=14
### item ###
# item val: 13879375506 Watsons屈臣氏会员卡(新版) 20.00 http://detail.tmall.com/item.htm?id=13879375506&rn=45f60af18001ac0763f78e2a82a68a63&abbucket=14
### item ###
# item val: 15301914789 组合价 屈臣氏骨胶原保湿洁面液+柔肤水+乳液 护肤 179.70 http://detail.tmall.com/item.htm?id=15301914789&rn=45f60af18001ac0763f78e2a82a68a63&abbucket=14
### item ###
# item val: 22641628619 【屈臣氏】limi 里美芦荟青苹舒安柔肤水 爽肤水 65.00 http://detail.tmall.com/item.htm?id=22641628619&rn=45f60af18001ac0763f78e2a82a68a63&abbucket=14
### item ###
# item val: 20185393062 【屈臣氏】Crest佳洁士酷白体验(晨露荷香口感)牙膏120g健齿 12.00 http://detail.tmall.com/item.htm?id=20185393062&rn=45f60af18001ac0763f78e2a82a68a63&abbucket=14
### item ###
# item val: 14758444379 Watsons men屈臣氏男士保湿畅透面膜3片装 面膜贴 32.90 http://detail.tmall.com/item.htm?id=14758444379&rn=45f60af18001ac0763f78e2a82a68a63&abbucket=14
### item ###
# item val: 35807095750 【屈臣氏】力士精油香氛沐浴乳幽莲魅肤720毫升 38.00 http://detail.tmall.com/item.htm?id=35807095750&rn=45f60af18001ac0763f78e2a82a68a63&abbucket=14
### item ###
# item val: 14746652292 【屈臣氏】Beautydiary我的美丽日志黑珍珠面膜 美白亮肤 滋润 79.00 http://detail.tmall.com/item.htm?id=14746652292&rn=45f60af18001ac0763f78e2a82a68a63&abbucket=14
### item ###
# item val: 14743792081 Watsons collagen屈臣氏骨胶原保湿密集补水睡眠面膜 69.90 http://detail.tmall.com/item.htm?id=14743792081&rn=45f60af18001ac0763f78e2a82a68a63&abbucket=14
### item ###
# item val: 21594167904 【屈臣氏】组合价 海飞丝清爽去油型去屑洗发露750mlx2件 98.00 http://detail.tmall.com/item.htm?id=21594167904&rn=45f60af18001ac0763f78e2a82a68a63&abbucket=14
### item ###
# item val: 14743476858 Watsons屈臣氏眼部卸妆棉30片 化妆棉 美容工具 19.90 http://detail.tmall.com/item.htm?id=14743476858&rn=45f60af18001ac0763f78e2a82a68a63&abbucket=14
### item ###
# item val: 18947159400 【屈臣氏】limi里美芦荟青苹温和洁面凝乳 洗面奶 洗面乳美白亮肤 38.00 http://detail.tmall.com/item.htm?id=18947159400&rn=45f60af18001ac0763f78e2a82a68a63&abbucket=14
### item ###
# item val: 38753863518 【屈臣氏】 WATER360矿泉水透莹漾面膜5片 面膜贴 55.00 http://detail.tmall.com/item.htm?id=38753863518&rn=45f60af18001ac0763f78e2a82a68a63&abbucket=14
### item ###
# item val: 17247014411 【屈臣氏】limi 里美芦荟青苹舒缓保湿乳液160毫升保湿 75.00 http://detail.tmall.com/item.htm?id=17247014411&rn=45f60af18001ac0763f78e2a82a68a63&abbucket=14
### item ###
# item val: 24088496881 买一送一 Watsons屈臣氏女士双层轻便剃刀6支装 修眉刀 19.90 http://detail.tmall.com/item.htm?id=24088496881&rn=45f60af18001ac0763f78e2a82a68a63&abbucket=14
### item ###
# item val: 35050528328 【屈臣氏】bird's nest燕窝沁白臻颜眼膜6对 淡化黑眼圈 45.00 http://detail.tmall.com/item.htm?id=35050528328&rn=45f60af18001ac0763f78e2a82a68a63&abbucket=14
### item ###
# item val: 14741508409 Watsons/屈臣氏骨胶原保湿毛孔细致柔肤水 爽肤水 69.90 http://detail.tmall.com/item.htm?id=14741508409&rn=45f60af18001ac0763f78e2a82a68a63&abbucket=14
### item ###
# item val: 19574659914 【屈臣氏】立减Biore碧柔毛孔清洁黑鼻贴10片装去黑头收缩毛孔 29.80 http://detail.tmall.com/item.htm?id=19574659914&rn=45f60af18001ac0763f78e2a82a68a63&abbucket=14
### item ###
# item val: 25615720292 【屈臣氏】 海飞丝丝质柔滑型去屑洗发露200ML 洗发水 洗发露 27.00 http://detail.tmall.com/item.htm?id=25615720292&rn=45f60af18001ac0763f78e2a82a68a63&abbucket=14
### item ###
# item val: 38774857111 【屈臣氏】Water360矿泉水透舒护喷雾50毫升 爽肤水 19.90 http://detail.tmall.com/item.htm?id=38774857111&rn=45f60af18001ac0763f78e2a82a68a63&abbucket=14
### item ###
# item val: 20635223487 【屈臣氏】Mentholatum曼秀雷敦天然植物润唇膏(无香料) 35.90 http://detail.tmall.com/item.htm?id=20635223487&rn=45f60af18001ac0763f78e2a82a68a63&abbucket=14
### item ###
# item val: 22587620981 【屈臣氏】 cetaphil丝塔芙洗面奶118毫升 58.00 http://detail.tmall.com/item.htm?id=22587620981&rn=45f60af18001ac0763f78e2a82a68a63&abbucket=14
### item ###
# item val: 19208783600 【屈臣氏】玉兰油深层保湿美白营养水150毫升-白里透红 75.00 http://detail.tmall.com/item.htm?id=19208783600&rn=45f60af18001ac0763f78e2a82a68a63&abbucket=14
### item ###
# item val: 13433309140 【屈臣氏】Beautydiary我的美丽日志熊果素净透美白面膜 79.00 http://detail.tmall.com/item.htm?id=13433309140&rn=45f60af18001ac0763f78e2a82a68a63&abbucket=14
### item ###
# item val: 19683439331 【屈臣氏】Neutrogena露得清深层净化洗面乳100g洁面洗面奶洗面乳 24.00 http://detail.tmall.com/item.htm?id=19683439331&rn=45f60af18001ac0763f78e2a82a68a63&abbucket=14
### item ###
# item val: 17256813386 【屈臣氏】limi里美纯米净白洗面奶120克 美白 保湿 洗面乳 38.00 http://detail.tmall.com/item.htm?id=17256813386&rn=45f60af18001ac0763f78e2a82a68a63&abbucket=14
### item ###
# item val: 19644270667 【屈臣氏】会员价 Kustie蔻斯汀樱花花瓣沐浴露500毫升 沐浴液 49.90 http://detail.tmall.com/item.htm?id=19644270667&rn=45f60af18001ac0763f78e2a82a68a63&abbucket=14
### item ###
# item val: 15222397753 会员价 Watsons collagen 屈臣氏骨胶原保湿细致面膜6片 69.90 http://detail.tmall.com/item.htm?id=15222397753&rn=45f60af18001ac0763f78e2a82a68a63&abbucket=14
### item ###
# item val: 13849767980 【屈臣氏】 Beautydiary我的美丽日志芦荟面膜10片 79.00 http://detail.tmall.com/item.htm?id=13849767980&rn=45f60af18001ac0763f78e2a82a68a63&abbucket=14
### item ###
# item val: 19706691219 【屈臣氏】Ora 2 皓乐齿 顶端超细毛牙刷(软毛)一支装 颜色随机发 18.00 http://detail.tmall.com/item.htm?id=19706691219&rn=45f60af18001ac0763f78e2a82a68a63&abbucket=14
### item ###
# item val: 13848227108 买一送一 Watsons屈臣氏深层卸妆液200ml 卸妆水 卸妆油 卸妆乳 69.90 http://detail.tmall.com/item.htm?id=13848227108&rn=45f60af18001ac0763f78e2a82a68a63&abbucket=14
### item ###
# item val: 19318447200 【屈臣氏】Shiseido资生堂洗颜泡沫卸妆净颜乳液150ml 卸妆水 48.00 http://detail.tmall.com/item.htm?id=19318447200&rn=45f60af18001ac0763f78e2a82a68a63&abbucket=14
### item ###
# item val: 17825613303 【屈臣氏】立减 Johnson & Johnson强生婴儿牛奶沐浴露1L 沐浴乳 27.00 http://detail.tmall.com/item.htm?id=17825613303&rn=45f60af18001ac0763f78e2a82a68a63&abbucket=14
### item ###
# item val: 20868391337 【屈臣氏】立减 Biore碧柔倍护防晒乳液SPF30PA+40ml 防晒霜 清爽 40.00 http://detail.tmall.com/item.htm?id=20868391337&rn=45f60af18001ac0763f78e2a82a68a63&abbucket=14
### item ###
# item val: 19282116120 【屈臣氏】组合价  沙宣修护水养洗发露+润发乳 129.00 http://detail.tmall.com/item.htm?id=19282116120&rn=45f60af18001ac0763f78e2a82a68a63&abbucket=14
### item ###
# item val: 14762084507 Watsons collagen屈臣氏骨胶原眼唇卸妝液100ml 卸妆油 卸妆水 29.00 http://detail.tmall.com/item.htm?id=14762084507&rn=45f60af18001ac0763f78e2a82a68a63&abbucket=14
### item ###
# item val: 14744244874 Watsons屈臣氏眼唇卸妆液100ml 卸妆水 卸妆乳 卸妆油 眼部 29.90 http://detail.tmall.com/item.htm?id=14744244874&rn=45f60af18001ac0763f78e2a82a68a63&abbucket=14
### item ###
# item val: 18721235369 【屈臣氏】 Dr.magic魔法医生玫瑰美白沐浴露400ml 55.00 http://detail.tmall.com/item.htm?id=18721235369&rn=45f60af18001ac0763f78e2a82a68a63&abbucket=14
### item ###
# item val: 15038872292 我的美丽日志蜗牛水润修护双膜法(面膜+护霜) 面膜贴 补水 美白 15.00 http://detail.tmall.com/item.htm?id=15038872292&rn=45f60af18001ac0763f78e2a82a68a63&abbucket=14
### item ###
# item val: 19640702181 Watsons屈臣氏樱花保湿柔肤润体乳350ml 润体露 身体乳 29.90 http://detail.tmall.com/item.htm?id=19640702181&rn=45f60af18001ac0763f78e2a82a68a63&abbucket=14
### item ###
# item val: 16517235326 组合价 屈臣氏深层卸妆棉×2件 20.00 http://detail.tmall.com/item.htm?id=16517235326&rn=45f60af18001ac0763f78e2a82a68a63&abbucket=14
### item ###
# item val: 13860439056 【屈臣氏】 澄心维生素C泡腾片20片装(甜橙味) VC 30.00 http://detail.tmall.com/item.htm?id=13860439056&rn=45f60af18001ac0763f78e2a82a68a63&abbucket=14
### item ###
# item val: 43151890065 Watsons屈臣氏圆线多效护理牙线棒50支X3盒 25.90 http://detail.tmall.com/item.htm?id=43151890065&rn=45f60af18001ac0763f78e2a82a68a63&abbucket=14
2015-07-04 05:39:54
